<?xml version="1.0" encoding="UTF-8"?>
<testng-results skipped="0" failed="0" ignored="0" total="1" passed="1">
  <reporter-output>
  </reporter-output>
  <suite name="Practise1" duration-ms="12785" started-at="2020-06-12T11:08:23 CDT" finished-at="2020-06-12T11:08:36 CDT">
    <groups>
    </groups>
    <test name="Login test" duration-ms="12785" started-at="2020-06-12T11:08:23 CDT" finished-at="2020-06-12T11:08:36 CDT">
      <class name="com.ProjectName.TestCases.TC1_LoginTest">
        <test-method status="PASS" signature="setup(java.lang.String)[pri:0, instance:com.ProjectName.TestCases.TC1_LoginTest@64bfbc86]" name="setup" is-config="true" duration-ms="7463" started-at="2020-06-12T11:08:23 CDT" finished-at="2020-06-12T11:08:30 CDT">
          <params>
            <param index="0">
              <value>
                <![CDATA[chrome]]>
              </value>
            </param>
          </params>
          <reporter-output>
          </reporter-output>
        </test-method> <!-- setup -->
        <test-method status="PASS" signature="loginTest()[pri:0, instance:com.ProjectName.TestCases.TC1_LoginTest@64bfbc86]" name="loginTest" duration-ms="3503" started-at="2020-06-12T11:08:30 CDT" finished-at="2020-06-12T11:08:34 CDT">
          <reporter-output>
          </reporter-output>
        </test-method> <!-- loginTest -->
        <test-method status="PASS" signature="teardown()[pri:0, instance:com.ProjectName.TestCases.TC1_LoginTest@64bfbc86]" name="teardown" is-config="true" duration-ms="1767" started-at="2020-06-12T11:08:34 CDT" finished-at="2020-06-12T11:08:36 CDT">
          <reporter-output>
          </reporter-output>
        </test-method> <!-- teardown -->
      </class> <!-- com.ProjectName.TestCases.TC1_LoginTest -->
    </test> <!-- Login test -->
  </suite> <!-- Practise1 -->
</testng-results>
