<?xml version="1.0" encoding="UTF-8"?>
<testng-results skipped="0" failed="0" ignored="0" total="1" passed="1">
  <reporter-output>
  </reporter-output>
  <suite name="Practise1" duration-ms="12091" started-at="2020-06-12T10:52:13 CDT" finished-at="2020-06-12T10:52:25 CDT">
    <groups>
    </groups>
    <test name="Login test" duration-ms="12091" started-at="2020-06-12T10:52:13 CDT" finished-at="2020-06-12T10:52:25 CDT">
      <class name="com.ProjectName.TestCases.TC1_LoginTest">
        <test-method status="PASS" signature="setup(java.lang.String)[pri:0, instance:com.ProjectName.TestCases.TC1_LoginTest@711f39f9]" name="setup" is-config="true" duration-ms="7917" started-at="2020-06-12T10:52:13 CDT" finished-at="2020-06-12T10:52:20 CDT">
          <params>
            <param index="0">
              <value>
                <![CDATA[chrome]]>
              </value>
            </param>
          </params>
          <reporter-output>
          </reporter-output>
        </test-method> <!-- setup -->
        <test-method status="PASS" signature="loginTest()[pri:0, instance:com.ProjectName.TestCases.TC1_LoginTest@711f39f9]" name="loginTest" duration-ms="3455" started-at="2020-06-12T10:52:20 CDT" finished-at="2020-06-12T10:52:24 CDT">
          <reporter-output>
          </reporter-output>
        </test-method> <!-- loginTest -->
        <test-method status="PASS" signature="teardown()[pri:0, instance:com.ProjectName.TestCases.TC1_LoginTest@711f39f9]" name="teardown" is-config="true" duration-ms="670" started-at="2020-06-12T10:52:24 CDT" finished-at="2020-06-12T10:52:25 CDT">
          <reporter-output>
          </reporter-output>
        </test-method> <!-- teardown -->
      </class> <!-- com.ProjectName.TestCases.TC1_LoginTest -->
    </test> <!-- Login test -->
  </suite> <!-- Practise1 -->
</testng-results>
